<?xml version="1.0" encoding="UTF-8"?>
<TestRun id="f5370e80-e853-437c-b4c1-03cc3289a797" name="Mark@APPRENTICE 2012-01-21 11:57:56" runUser="Apprentice\Mark" xmlns="http://microsoft.com/schemas/VisualStudio/TeamTest/2010">
  <TestSettings name="Local" id="d7d5cde9-cf26-41cd-86b0-b8e7dced1cce">
    <Description>These are default test settings for a local test run.</Description>
    <Deployment enabled="false" runDeploymentRoot="Mark_APPRENTICE 2012-01-21 11_57_56">
      <DeploymentItem filename="c:\source\ZorkLike\ZorkLike\packages\RhinoMocks.3.6\lib\Rhino.Mocks.dll" />
      <DeploymentItem filename="c:\source\ZorkLike\ZorkLike\bin\Debug\ZorkLike.exe" />
    </Deployment>
    <Execution>
      <TestTypeSpecific />
      <AgentRule name="Execution Agents">
      </AgentRule>
    </Execution>
  </TestSettings>
  <Times creation="2012-01-21T11:57:56.4600062-06:00" queuing="2012-01-21T11:57:56.5880091-06:00" start="2012-01-21T11:57:56.6090095-06:00" finish="2012-01-21T11:57:57.6420326-06:00" />
  <ResultSummary outcome="Failed">
    <Counters total="7" executed="7" passed="6" error="0" failed="1" timeout="0" aborted="0" inconclusive="0" passedButRunAborted="0" notRunnable="0" notExecuted="0" disconnected="0" warning="0" completed="0" inProgress="0" pending="0" />
  </ResultSummary>
  <TestDefinitions>
    <UnitTest name="Run_Should_Write_A_Prompt_And_Read_Input" storage="c:\source\zorklike\zorklike.test\bin\debug\zorklike.test.dll" id="7dbdb468-44b1-3d5d-db59-65692f120c91">
      <Execution id="7a14045b-7a94-4fcd-8e2c-77b557bf261c" />
      <TestMethod codeBase="c:/source/ZorkLike/ZorkLike.Test/bin/Debug/ZorkLike.Test.DLL" adapterTypeName="Microsoft.VisualStudio.TestTools.TestTypes.Unit.UnitTestAdapter, Microsoft.VisualStudio.QualityTools.Tips.UnitTest.Adapter, Version=10.0.0.0, Culture=neutral, PublicKeyToken=b03f5f7f11d50a3a" className="ZorkLike.Test.GameEngineTest, ZorkLike.Test, Version=1.0.0.0, Culture=neutral, PublicKeyToken=null" name="Run_Should_Write_A_Prompt_And_Read_Input" />
    </UnitTest>
    <UnitTest name="Run_Should_Stop_Looping_Regardless_Of_Case" storage="c:\source\zorklike\zorklike.test\bin\debug\zorklike.test.dll" id="54a5c638-f848-85bf-70b2-e46d737217c8">
      <Execution id="d9a1fd17-d0ed-4452-8bde-375d9cb50b4e" />
      <TestMethod codeBase="c:/source/ZorkLike/ZorkLike.Test/bin/Debug/ZorkLike.Test.DLL" adapterTypeName="Microsoft.VisualStudio.TestTools.TestTypes.Unit.UnitTestAdapter, Microsoft.VisualStudio.QualityTools.Tips.UnitTest.Adapter, Version=10.0.0.0, Culture=neutral, PublicKeyToken=b03f5f7f11d50a3a" className="ZorkLike.Test.GameEngineTest, ZorkLike.Test, Version=1.0.0.0, Culture=neutral, PublicKeyToken=null" name="Run_Should_Stop_Looping_Regardless_Of_Case" />
    </UnitTest>
    <UnitTest name="Look_Should_Create_A_Player_If_One_Does_Not_Exist" storage="c:\source\zorklike\zorklike.test\bin\debug\zorklike.test.dll" id="65f4c980-a1fd-131b-4fda-c78df6f59e02">
      <Execution id="739edfa2-a900-46c5-8f6b-7199dab6aeb3" />
      <TestMethod codeBase="c:/source/ZorkLike/ZorkLike.Test/bin/Debug/ZorkLike.Test.DLL" adapterTypeName="Microsoft.VisualStudio.TestTools.TestTypes.Unit.UnitTestAdapter, Microsoft.VisualStudio.QualityTools.Tips.UnitTest.Adapter, Version=10.0.0.0, Culture=neutral, PublicKeyToken=b03f5f7f11d50a3a" className="ZorkLike.Test.Look_Command_Test, ZorkLike.Test, Version=1.0.0.0, Culture=neutral, PublicKeyToken=null" name="Look_Should_Create_A_Player_If_One_Does_Not_Exist" />
    </UnitTest>
    <UnitTest name="Look_Should_Return_Nothing_Message_Without_Description" storage="c:\source\zorklike\zorklike.test\bin\debug\zorklike.test.dll" id="4e10408e-c72d-5cbb-ec0a-da1576f249bb">
      <Execution id="bdbd2f11-0341-4375-908a-39a79cd5b081" />
      <TestMethod codeBase="c:/source/ZorkLike/ZorkLike.Test/bin/Debug/ZorkLike.Test.DLL" adapterTypeName="Microsoft.VisualStudio.TestTools.TestTypes.Unit.UnitTestAdapter, Microsoft.VisualStudio.QualityTools.Tips.UnitTest.Adapter, Version=10.0.0.0, Culture=neutral, PublicKeyToken=b03f5f7f11d50a3a" className="ZorkLike.Test.Look_Command_Test, ZorkLike.Test, Version=1.0.0.0, Culture=neutral, PublicKeyToken=null" name="Look_Should_Return_Nothing_Message_Without_Description" />
    </UnitTest>
    <UnitTest name="Run_Should_Stop_Looping_When_Exit_Is_Read" storage="c:\source\zorklike\zorklike.test\bin\debug\zorklike.test.dll" id="1e685686-5aa7-d583-6979-83765b9a305c">
      <Execution id="497967b4-761b-40cf-b0f0-61a270bda3bb" />
      <TestMethod codeBase="c:/source/ZorkLike/ZorkLike.Test/bin/Debug/ZorkLike.Test.DLL" adapterTypeName="Microsoft.VisualStudio.TestTools.TestTypes.Unit.UnitTestAdapter, Microsoft.VisualStudio.QualityTools.Tips.UnitTest.Adapter, Version=10.0.0.0, Culture=neutral, PublicKeyToken=b03f5f7f11d50a3a" className="ZorkLike.Test.GameEngineTest, ZorkLike.Test, Version=1.0.0.0, Culture=neutral, PublicKeyToken=null" name="Run_Should_Stop_Looping_When_Exit_Is_Read" />
    </UnitTest>
    <UnitTest name="Run_Should_Stop_Looping_Regardless_Of_Spaces" storage="c:\source\zorklike\zorklike.test\bin\debug\zorklike.test.dll" id="af14c640-b6e2-f91b-cc79-895c991ad6c0">
      <Execution id="4308621c-6f72-4f8d-a490-9853efd991ce" />
      <TestMethod codeBase="c:/source/ZorkLike/ZorkLike.Test/bin/Debug/ZorkLike.Test.DLL" adapterTypeName="Microsoft.VisualStudio.TestTools.TestTypes.Unit.UnitTestAdapter, Microsoft.VisualStudio.QualityTools.Tips.UnitTest.Adapter, Version=10.0.0.0, Culture=neutral, PublicKeyToken=b03f5f7f11d50a3a" className="ZorkLike.Test.GameEngineTest, ZorkLike.Test, Version=1.0.0.0, Culture=neutral, PublicKeyToken=null" name="Run_Should_Stop_Looping_Regardless_Of_Spaces" />
    </UnitTest>
    <UnitTest name="Create_Command_Should_Create_And_Save_A_New_GameObject" storage="c:\source\zorklike\zorklike.test\bin\debug\zorklike.test.dll" id="47f2b2f7-0db2-ee88-f544-975f49f8bf9b">
      <Execution id="55e3a3eb-cac7-40d4-aa7a-0f239f268880" />
      <TestMethod codeBase="c:/source/ZorkLike/ZorkLike.Test/bin/Debug/ZorkLike.Test.DLL" adapterTypeName="Microsoft.VisualStudio.TestTools.TestTypes.Unit.UnitTestAdapter, Microsoft.VisualStudio.QualityTools.Tips.UnitTest.Adapter, Version=10.0.0.0, Culture=neutral, PublicKeyToken=b03f5f7f11d50a3a" className="ZorkLike.Test.Create_Command_Test, ZorkLike.Test, Version=1.0.0.0, Culture=neutral, PublicKeyToken=null" name="Create_Command_Should_Create_And_Save_A_New_GameObject" />
    </UnitTest>
  </TestDefinitions>
  <TestLists>
    <TestList name="Results Not in a List" id="8c84fa94-04c1-424b-9868-57a2d4851a1d" />
    <TestList name="All Loaded Results" id="19431567-8539-422a-85d7-44ee4e166bda" />
  </TestLists>
  <TestEntries>
    <TestEntry testId="1e685686-5aa7-d583-6979-83765b9a305c" executionId="497967b4-761b-40cf-b0f0-61a270bda3bb" testListId="8c84fa94-04c1-424b-9868-57a2d4851a1d" />
    <TestEntry testId="47f2b2f7-0db2-ee88-f544-975f49f8bf9b" executionId="55e3a3eb-cac7-40d4-aa7a-0f239f268880" testListId="8c84fa94-04c1-424b-9868-57a2d4851a1d" />
    <TestEntry testId="4e10408e-c72d-5cbb-ec0a-da1576f249bb" executionId="bdbd2f11-0341-4375-908a-39a79cd5b081" testListId="8c84fa94-04c1-424b-9868-57a2d4851a1d" />
    <TestEntry testId="54a5c638-f848-85bf-70b2-e46d737217c8" executionId="d9a1fd17-d0ed-4452-8bde-375d9cb50b4e" testListId="8c84fa94-04c1-424b-9868-57a2d4851a1d" />
    <TestEntry testId="65f4c980-a1fd-131b-4fda-c78df6f59e02" executionId="739edfa2-a900-46c5-8f6b-7199dab6aeb3" testListId="8c84fa94-04c1-424b-9868-57a2d4851a1d" />
    <TestEntry testId="7dbdb468-44b1-3d5d-db59-65692f120c91" executionId="7a14045b-7a94-4fcd-8e2c-77b557bf261c" testListId="8c84fa94-04c1-424b-9868-57a2d4851a1d" />
    <TestEntry testId="af14c640-b6e2-f91b-cc79-895c991ad6c0" executionId="4308621c-6f72-4f8d-a490-9853efd991ce" testListId="8c84fa94-04c1-424b-9868-57a2d4851a1d" />
  </TestEntries>
  <Results>
    <UnitTestResult executionId="497967b4-761b-40cf-b0f0-61a270bda3bb" testId="1e685686-5aa7-d583-6979-83765b9a305c" testName="Run_Should_Stop_Looping_When_Exit_Is_Read" computerName="APPRENTICE" duration="00:00:00.2322999" startTime="2012-01-21T11:57:56.6260099-06:00" endTime="2012-01-21T11:57:57.1440215-06:00" testType="13cdc9d9-ddb5-4fa4-a97d-d965ccfc6d4b" outcome="Passed" testListId="8c84fa94-04c1-424b-9868-57a2d4851a1d" relativeResultsDirectory="497967b4-761b-40cf-b0f0-61a270bda3bb">
    </UnitTestResult>
    <UnitTestResult executionId="55e3a3eb-cac7-40d4-aa7a-0f239f268880" testId="47f2b2f7-0db2-ee88-f544-975f49f8bf9b" testName="Create_Command_Should_Create_And_Save_A_New_GameObject" computerName="APPRENTICE" duration="00:00:00.1798063" startTime="2012-01-21T11:57:57.1540217-06:00" endTime="2012-01-21T11:57:57.3410259-06:00" testType="13cdc9d9-ddb5-4fa4-a97d-d965ccfc6d4b" outcome="Failed" testListId="8c84fa94-04c1-424b-9868-57a2d4851a1d" relativeResultsDirectory="55e3a3eb-cac7-40d4-aa7a-0f239f268880">
      <Output>
        <ErrorInfo>
          <Message>Test method ZorkLike.Test.Create_Command_Test.Create_Command_Should_Create_And_Save_A_New_GameObject threw exception: 
System.InvalidOperationException: Method 'IRepository.Add&lt;ZorkLike.Data.GameObject&gt;(anything);' requires a return value or an exception to throw.</Message>
          <StackTrace>    at Rhino.Mocks.Expectations.AbstractExpectation.ReturnOrThrow(IInvocation invocation, Object[] args)
   at Rhino.Mocks.Impl.ReplayDynamicMockState.DoMethodCall(IInvocation invocation, MethodInfo method, Object[] args)
   at Rhino.Mocks.Impl.ReplayMockState.MethodCall(IInvocation invocation, MethodInfo method, Object[] args)
   at Rhino.Mocks.MockRepository.MethodCall(IInvocation invocation, Object proxy, MethodInfo method, Object[] args)
   at Rhino.Mocks.Impl.RhinoInterceptor.Intercept(IInvocation invocation)
   at Castle.DynamicProxy.AbstractInvocation.Proceed()
   at IRepositoryProxyd8aba79ced0f4e5190620246e3f420ed.Add[T](T obj)
   at ZorkLike.Commands.CreateCommand.Execute(String cmd) in c:\source\ZorkLike\ZorkLike\Commands\CreateCommand.cs:line 28
   at ZorkLike.Test.Create_Command_Test.Create_Command_Should_Create_And_Save_A_New_GameObject() in c:\source\ZorkLike\ZorkLike.Test\Create_Command_Test.cs:line 46
</StackTrace>
        </ErrorInfo>
      </Output>
    </UnitTestResult>
    <UnitTestResult executionId="bdbd2f11-0341-4375-908a-39a79cd5b081" testId="4e10408e-c72d-5cbb-ec0a-da1576f249bb" testName="Look_Should_Return_Nothing_Message_Without_Description" computerName="APPRENTICE" duration="00:00:00.0144319" startTime="2012-01-21T11:57:57.3520261-06:00" endTime="2012-01-21T11:57:57.3770267-06:00" testType="13cdc9d9-ddb5-4fa4-a97d-d965ccfc6d4b" outcome="Passed" testListId="8c84fa94-04c1-424b-9868-57a2d4851a1d" relativeResultsDirectory="bdbd2f11-0341-4375-908a-39a79cd5b081">
    </UnitTestResult>
    <UnitTestResult executionId="d9a1fd17-d0ed-4452-8bde-375d9cb50b4e" testId="54a5c638-f848-85bf-70b2-e46d737217c8" testName="Run_Should_Stop_Looping_Regardless_Of_Case" computerName="APPRENTICE" duration="00:00:00.0065710" startTime="2012-01-21T11:57:57.3790267-06:00" endTime="2012-01-21T11:57:57.4070273-06:00" testType="13cdc9d9-ddb5-4fa4-a97d-d965ccfc6d4b" outcome="Passed" testListId="8c84fa94-04c1-424b-9868-57a2d4851a1d" relativeResultsDirectory="d9a1fd17-d0ed-4452-8bde-375d9cb50b4e">
    </UnitTestResult>
    <UnitTestResult executionId="739edfa2-a900-46c5-8f6b-7199dab6aeb3" testId="65f4c980-a1fd-131b-4fda-c78df6f59e02" testName="Look_Should_Create_A_Player_If_One_Does_Not_Exist" computerName="APPRENTICE" duration="00:00:00.0432560" startTime="2012-01-21T11:57:57.4120274-06:00" endTime="2012-01-21T11:57:57.4710288-06:00" testType="13cdc9d9-ddb5-4fa4-a97d-d965ccfc6d4b" outcome="Passed" testListId="8c84fa94-04c1-424b-9868-57a2d4851a1d" relativeResultsDirectory="739edfa2-a900-46c5-8f6b-7199dab6aeb3">
    </UnitTestResult>
    <UnitTestResult executionId="7a14045b-7a94-4fcd-8e2c-77b557bf261c" testId="7dbdb468-44b1-3d5d-db59-65692f120c91" testName="Run_Should_Write_A_Prompt_And_Read_Input" computerName="APPRENTICE" duration="00:00:00.0024318" startTime="2012-01-21T11:57:57.4730288-06:00" endTime="2012-01-21T11:57:57.4840291-06:00" testType="13cdc9d9-ddb5-4fa4-a97d-d965ccfc6d4b" outcome="Passed" testListId="8c84fa94-04c1-424b-9868-57a2d4851a1d" relativeResultsDirectory="7a14045b-7a94-4fcd-8e2c-77b557bf261c">
    </UnitTestResult>
    <UnitTestResult executionId="4308621c-6f72-4f8d-a490-9853efd991ce" testId="af14c640-b6e2-f91b-cc79-895c991ad6c0" testName="Run_Should_Stop_Looping_Regardless_Of_Spaces" computerName="APPRENTICE" duration="00:00:00.0019821" startTime="2012-01-21T11:57:57.4860291-06:00" endTime="2012-01-21T11:57:57.5040295-06:00" testType="13cdc9d9-ddb5-4fa4-a97d-d965ccfc6d4b" outcome="Passed" testListId="8c84fa94-04c1-424b-9868-57a2d4851a1d" relativeResultsDirectory="4308621c-6f72-4f8d-a490-9853efd991ce">
    </UnitTestResult>
  </Results>
</TestRun>