<?xml version="1.0" encoding="UTF-8"?>
<TestRun id="d84d0b0d-f85e-4e1b-bbfd-e93385d7c84f" name="Mark@APPRENTICE 2012-01-21 09:32:01" runUser="Apprentice\Mark" xmlns="http://microsoft.com/schemas/VisualStudio/TeamTest/2010">
  <TestSettings name="Local" id="d7d5cde9-cf26-41cd-86b0-b8e7dced1cce">
    <Description>These are default test settings for a local test run.</Description>
    <Deployment enabled="false" runDeploymentRoot="Mark_APPRENTICE 2012-01-21 09_32_01">
      <DeploymentItem filename="c:\source\ZorkLike\ZorkLike\packages\RhinoMocks.3.6\lib\Rhino.Mocks.dll" />
      <DeploymentItem filename="c:\source\ZorkLike\ZorkLike\bin\Debug\ZorkLike.exe" />
    </Deployment>
    <Execution>
      <TestTypeSpecific />
      <AgentRule name="Execution Agents">
      </AgentRule>
    </Execution>
  </TestSettings>
  <Times creation="2012-01-21T09:32:01.9447849-06:00" queuing="2012-01-21T09:32:02.0367869-06:00" start="2012-01-21T09:32:02.1477894-06:00" finish="2012-01-21T09:32:02.9618076-06:00" />
  <ResultSummary outcome="Failed">
    <Counters total="5" executed="5" passed="4" error="0" failed="1" timeout="0" aborted="0" inconclusive="0" passedButRunAborted="0" notRunnable="0" notExecuted="0" disconnected="0" warning="0" completed="0" inProgress="0" pending="0" />
  </ResultSummary>
  <TestDefinitions>
    <UnitTest name="Run_Should_Stop_Looping_When_Exit_Is_Read" storage="c:\source\zorklike\zorklike.test\bin\debug\zorklike.test.dll" id="1e685686-5aa7-d583-6979-83765b9a305c">
      <Execution id="24e2c50b-95c5-42b9-8606-475ac3421aae" />
      <TestMethod codeBase="c:/source/ZorkLike/ZorkLike.Test/bin/Debug/ZorkLike.Test.DLL" adapterTypeName="Microsoft.VisualStudio.TestTools.TestTypes.Unit.UnitTestAdapter, Microsoft.VisualStudio.QualityTools.Tips.UnitTest.Adapter, Version=10.0.0.0, Culture=neutral, PublicKeyToken=b03f5f7f11d50a3a" className="ZorkLike.Test.GameEngineTest, ZorkLike.Test, Version=1.0.0.0, Culture=neutral, PublicKeyToken=null" name="Run_Should_Stop_Looping_When_Exit_Is_Read" />
    </UnitTest>
    <UnitTest name="Run_Should_Stop_Looping_Regardless_Of_Spaces" storage="c:\source\zorklike\zorklike.test\bin\debug\zorklike.test.dll" id="af14c640-b6e2-f91b-cc79-895c991ad6c0">
      <Execution id="2dc92cb0-8171-4c67-afc7-dd8a034804c2" />
      <TestMethod codeBase="c:/source/ZorkLike/ZorkLike.Test/bin/Debug/ZorkLike.Test.DLL" adapterTypeName="Microsoft.VisualStudio.TestTools.TestTypes.Unit.UnitTestAdapter, Microsoft.VisualStudio.QualityTools.Tips.UnitTest.Adapter, Version=10.0.0.0, Culture=neutral, PublicKeyToken=b03f5f7f11d50a3a" className="ZorkLike.Test.GameEngineTest, ZorkLike.Test, Version=1.0.0.0, Culture=neutral, PublicKeyToken=null" name="Run_Should_Stop_Looping_Regardless_Of_Spaces" />
    </UnitTest>
    <UnitTest name="Look_Should_Return_Nothing_Message_Without_Description" storage="c:\source\zorklike\zorklike.test\bin\debug\zorklike.test.dll" id="4e10408e-c72d-5cbb-ec0a-da1576f249bb">
      <Execution id="d8746693-f254-43a3-9e32-8a43d063e70f" />
      <TestMethod codeBase="c:/source/ZorkLike/ZorkLike.Test/bin/Debug/ZorkLike.Test.DLL" adapterTypeName="Microsoft.VisualStudio.TestTools.TestTypes.Unit.UnitTestAdapter, Microsoft.VisualStudio.QualityTools.Tips.UnitTest.Adapter, Version=10.0.0.0, Culture=neutral, PublicKeyToken=b03f5f7f11d50a3a" className="ZorkLike.Test.Look_Command_Test, ZorkLike.Test, Version=1.0.0.0, Culture=neutral, PublicKeyToken=null" name="Look_Should_Return_Nothing_Message_Without_Description" />
    </UnitTest>
    <UnitTest name="Run_Should_Stop_Looping_Regardless_Of_Case" storage="c:\source\zorklike\zorklike.test\bin\debug\zorklike.test.dll" id="54a5c638-f848-85bf-70b2-e46d737217c8">
      <Execution id="5d785eb9-e3dd-4df0-a679-caf370e1ccf9" />
      <TestMethod codeBase="c:/source/ZorkLike/ZorkLike.Test/bin/Debug/ZorkLike.Test.DLL" adapterTypeName="Microsoft.VisualStudio.TestTools.TestTypes.Unit.UnitTestAdapter, Microsoft.VisualStudio.QualityTools.Tips.UnitTest.Adapter, Version=10.0.0.0, Culture=neutral, PublicKeyToken=b03f5f7f11d50a3a" className="ZorkLike.Test.GameEngineTest, ZorkLike.Test, Version=1.0.0.0, Culture=neutral, PublicKeyToken=null" name="Run_Should_Stop_Looping_Regardless_Of_Case" />
    </UnitTest>
    <UnitTest name="Run_Should_Write_A_Prompt_And_Read_Input" storage="c:\source\zorklike\zorklike.test\bin\debug\zorklike.test.dll" id="7dbdb468-44b1-3d5d-db59-65692f120c91">
      <Execution id="65541cec-3a3c-4101-b710-0fb37519a225" />
      <TestMethod codeBase="c:/source/ZorkLike/ZorkLike.Test/bin/Debug/ZorkLike.Test.DLL" adapterTypeName="Microsoft.VisualStudio.TestTools.TestTypes.Unit.UnitTestAdapter, Microsoft.VisualStudio.QualityTools.Tips.UnitTest.Adapter, Version=10.0.0.0, Culture=neutral, PublicKeyToken=b03f5f7f11d50a3a" className="ZorkLike.Test.GameEngineTest, ZorkLike.Test, Version=1.0.0.0, Culture=neutral, PublicKeyToken=null" name="Run_Should_Write_A_Prompt_And_Read_Input" />
    </UnitTest>
  </TestDefinitions>
  <TestLists>
    <TestList name="Results Not in a List" id="8c84fa94-04c1-424b-9868-57a2d4851a1d" />
    <TestList name="All Loaded Results" id="19431567-8539-422a-85d7-44ee4e166bda" />
  </TestLists>
  <TestEntries>
    <TestEntry testId="1e685686-5aa7-d583-6979-83765b9a305c" executionId="24e2c50b-95c5-42b9-8606-475ac3421aae" testListId="8c84fa94-04c1-424b-9868-57a2d4851a1d" />
    <TestEntry testId="4e10408e-c72d-5cbb-ec0a-da1576f249bb" executionId="d8746693-f254-43a3-9e32-8a43d063e70f" testListId="8c84fa94-04c1-424b-9868-57a2d4851a1d" />
    <TestEntry testId="54a5c638-f848-85bf-70b2-e46d737217c8" executionId="5d785eb9-e3dd-4df0-a679-caf370e1ccf9" testListId="8c84fa94-04c1-424b-9868-57a2d4851a1d" />
    <TestEntry testId="7dbdb468-44b1-3d5d-db59-65692f120c91" executionId="65541cec-3a3c-4101-b710-0fb37519a225" testListId="8c84fa94-04c1-424b-9868-57a2d4851a1d" />
    <TestEntry testId="af14c640-b6e2-f91b-cc79-895c991ad6c0" executionId="2dc92cb0-8171-4c67-afc7-dd8a034804c2" testListId="8c84fa94-04c1-424b-9868-57a2d4851a1d" />
  </TestEntries>
  <Results>
    <UnitTestResult executionId="24e2c50b-95c5-42b9-8606-475ac3421aae" testId="1e685686-5aa7-d583-6979-83765b9a305c" testName="Run_Should_Stop_Looping_When_Exit_Is_Read" computerName="APPRENTICE" duration="00:00:00.2171214" startTime="2012-01-21T09:32:02.1537895-06:00" endTime="2012-01-21T09:32:02.6498006-06:00" testType="13cdc9d9-ddb5-4fa4-a97d-d965ccfc6d4b" outcome="Passed" testListId="8c84fa94-04c1-424b-9868-57a2d4851a1d" relativeResultsDirectory="24e2c50b-95c5-42b9-8606-475ac3421aae">
    </UnitTestResult>
    <UnitTestResult executionId="d8746693-f254-43a3-9e32-8a43d063e70f" testId="4e10408e-c72d-5cbb-ec0a-da1576f249bb" testName="Look_Should_Return_Nothing_Message_Without_Description" computerName="APPRENTICE" duration="00:00:00.1935960" startTime="2012-01-21T09:32:02.6548007-06:00" endTime="2012-01-21T09:32:02.8558052-06:00" testType="13cdc9d9-ddb5-4fa4-a97d-d965ccfc6d4b" outcome="Failed" testListId="8c84fa94-04c1-424b-9868-57a2d4851a1d" relativeResultsDirectory="d8746693-f254-43a3-9e32-8a43d063e70f">
      <Output>
        <ErrorInfo>
          <Message>Test method ZorkLike.Test.Look_Command_Test.Look_Should_Return_Nothing_Message_Without_Description threw exception: 
System.ArgumentNullException: Value cannot be null.
Parameter name: source</Message>
          <StackTrace>    at System.Linq.Queryable.OfType[TResult](IQueryable source)
   at ZorkLike.LookCommand.Execute(String cmd) in c:\source\ZorkLike\ZorkLike\LookCommand.cs:line 26
   at ZorkLike.Test.Look_Command_Test.Look_Should_Return_Nothing_Message_Without_Description() in c:\source\ZorkLike\ZorkLike.Test\Look_Command_Test.cs:line 40
</StackTrace>
        </ErrorInfo>
      </Output>
    </UnitTestResult>
    <UnitTestResult executionId="5d785eb9-e3dd-4df0-a679-caf370e1ccf9" testId="54a5c638-f848-85bf-70b2-e46d737217c8" testName="Run_Should_Stop_Looping_Regardless_Of_Case" computerName="APPRENTICE" duration="00:00:00.0073176" startTime="2012-01-21T09:32:02.8628054-06:00" endTime="2012-01-21T09:32:02.8898060-06:00" testType="13cdc9d9-ddb5-4fa4-a97d-d965ccfc6d4b" outcome="Passed" testListId="8c84fa94-04c1-424b-9868-57a2d4851a1d" relativeResultsDirectory="5d785eb9-e3dd-4df0-a679-caf370e1ccf9">
    </UnitTestResult>
    <UnitTestResult executionId="65541cec-3a3c-4101-b710-0fb37519a225" testId="7dbdb468-44b1-3d5d-db59-65692f120c91" testName="Run_Should_Write_A_Prompt_And_Read_Input" computerName="APPRENTICE" duration="00:00:00.0159540" startTime="2012-01-21T09:32:02.9018062-06:00" endTime="2012-01-21T09:32:02.9228067-06:00" testType="13cdc9d9-ddb5-4fa4-a97d-d965ccfc6d4b" outcome="Passed" testListId="8c84fa94-04c1-424b-9868-57a2d4851a1d" relativeResultsDirectory="65541cec-3a3c-4101-b710-0fb37519a225">
    </UnitTestResult>
    <UnitTestResult executionId="2dc92cb0-8171-4c67-afc7-dd8a034804c2" testId="af14c640-b6e2-f91b-cc79-895c991ad6c0" testName="Run_Should_Stop_Looping_Regardless_Of_Spaces" computerName="APPRENTICE" duration="00:00:00.0019473" startTime="2012-01-21T09:32:02.9298068-06:00" endTime="2012-01-21T09:32:02.9378070-06:00" testType="13cdc9d9-ddb5-4fa4-a97d-d965ccfc6d4b" outcome="Passed" testListId="8c84fa94-04c1-424b-9868-57a2d4851a1d" relativeResultsDirectory="2dc92cb0-8171-4c67-afc7-dd8a034804c2">
    </UnitTestResult>
  </Results>
</TestRun>