<?xml version="1.0" encoding="UTF-8"?>
<TestRun id="6bff7114-5aa6-4f2f-b948-137d2cada100" name="Mark@APPRENTICE 2012-01-10 20:22:14" runUser="Apprentice\Mark" xmlns="http://microsoft.com/schemas/VisualStudio/TeamTest/2010">
  <TestSettings name="Local" id="d7d5cde9-cf26-41cd-86b0-b8e7dced1cce">
    <Description>These are default test settings for a local test run.</Description>
    <Deployment enabled="false" runDeploymentRoot="Mark_APPRENTICE 2012-01-10 20_22_14">
      <DeploymentItem filename="c:\source\ZorkLike\ZorkLike\packages\RhinoMocks.3.6\lib\Rhino.Mocks.dll" />
      <DeploymentItem filename="c:\source\ZorkLike\ZorkLike\bin\Debug\ZorkLike.exe" />
    </Deployment>
    <Execution>
      <TestTypeSpecific />
      <AgentRule name="Execution Agents">
      </AgentRule>
    </Execution>
  </TestSettings>
  <Times creation="2012-01-10T20:22:14.2299898-06:00" queuing="2012-01-10T20:22:14.2839909-06:00" start="2012-01-10T20:22:14.3139915-06:00" finish="2012-01-10T20:22:15.0140060-06:00" />
  <ResultSummary outcome="Completed">
    <Counters total="5" executed="5" passed="5" error="0" failed="0" timeout="0" aborted="0" inconclusive="0" passedButRunAborted="0" notRunnable="0" notExecuted="0" disconnected="0" warning="0" completed="0" inProgress="0" pending="0" />
  </ResultSummary>
  <TestDefinitions>
    <UnitTest name="Run_Should_Stop_Looping_When_Exit_Is_Read" storage="c:\source\zorklike\zorklike.test\bin\debug\zorklike.test.dll" id="1e685686-5aa7-d583-6979-83765b9a305c">
      <Execution id="5c558c9b-c54d-4235-ac9c-125dcb94c01c" />
      <TestMethod codeBase="c:/source/ZorkLike/ZorkLike.Test/bin/Debug/ZorkLike.Test.DLL" adapterTypeName="Microsoft.VisualStudio.TestTools.TestTypes.Unit.UnitTestAdapter, Microsoft.VisualStudio.QualityTools.Tips.UnitTest.Adapter, Version=10.0.0.0, Culture=neutral, PublicKeyToken=b03f5f7f11d50a3a" className="ZorkLike.Test.GameEngineTest, ZorkLike.Test, Version=1.0.0.0, Culture=neutral, PublicKeyToken=null" name="Run_Should_Stop_Looping_When_Exit_Is_Read" />
    </UnitTest>
    <UnitTest name="Run_Should_Stop_Looping_Regardless_Of_Spaces" storage="c:\source\zorklike\zorklike.test\bin\debug\zorklike.test.dll" id="af14c640-b6e2-f91b-cc79-895c991ad6c0">
      <Execution id="d7045414-7fa6-473f-93b7-f954cc2f7b11" />
      <TestMethod codeBase="c:/source/ZorkLike/ZorkLike.Test/bin/Debug/ZorkLike.Test.DLL" adapterTypeName="Microsoft.VisualStudio.TestTools.TestTypes.Unit.UnitTestAdapter, Microsoft.VisualStudio.QualityTools.Tips.UnitTest.Adapter, Version=10.0.0.0, Culture=neutral, PublicKeyToken=b03f5f7f11d50a3a" className="ZorkLike.Test.GameEngineTest, ZorkLike.Test, Version=1.0.0.0, Culture=neutral, PublicKeyToken=null" name="Run_Should_Stop_Looping_Regardless_Of_Spaces" />
    </UnitTest>
    <UnitTest name="Look_Should_Return_Nothing_Message_Without_Description" storage="c:\source\zorklike\zorklike.test\bin\debug\zorklike.test.dll" id="4e10408e-c72d-5cbb-ec0a-da1576f249bb">
      <Execution id="57a2081a-b180-4263-81fb-8bb1afe273eb" />
      <TestMethod codeBase="c:/source/ZorkLike/ZorkLike.Test/bin/Debug/ZorkLike.Test.DLL" adapterTypeName="Microsoft.VisualStudio.TestTools.TestTypes.Unit.UnitTestAdapter, Microsoft.VisualStudio.QualityTools.Tips.UnitTest.Adapter, Version=10.0.0.0, Culture=neutral, PublicKeyToken=b03f5f7f11d50a3a" className="ZorkLike.Test.Look_Command_Test, ZorkLike.Test, Version=1.0.0.0, Culture=neutral, PublicKeyToken=null" name="Look_Should_Return_Nothing_Message_Without_Description" />
    </UnitTest>
    <UnitTest name="Run_Should_Stop_Looping_Regardless_Of_Case" storage="c:\source\zorklike\zorklike.test\bin\debug\zorklike.test.dll" id="54a5c638-f848-85bf-70b2-e46d737217c8">
      <Execution id="08f5b92e-0394-4f9c-84f5-b6c5148ca49a" />
      <TestMethod codeBase="c:/source/ZorkLike/ZorkLike.Test/bin/Debug/ZorkLike.Test.DLL" adapterTypeName="Microsoft.VisualStudio.TestTools.TestTypes.Unit.UnitTestAdapter, Microsoft.VisualStudio.QualityTools.Tips.UnitTest.Adapter, Version=10.0.0.0, Culture=neutral, PublicKeyToken=b03f5f7f11d50a3a" className="ZorkLike.Test.GameEngineTest, ZorkLike.Test, Version=1.0.0.0, Culture=neutral, PublicKeyToken=null" name="Run_Should_Stop_Looping_Regardless_Of_Case" />
    </UnitTest>
    <UnitTest name="Run_Should_Write_A_Prompt_And_Read_Input" storage="c:\source\zorklike\zorklike.test\bin\debug\zorklike.test.dll" id="7dbdb468-44b1-3d5d-db59-65692f120c91">
      <Execution id="474c3edf-bb62-4ded-85c4-a00ea2765ddc" />
      <TestMethod codeBase="c:/source/ZorkLike/ZorkLike.Test/bin/Debug/ZorkLike.Test.DLL" adapterTypeName="Microsoft.VisualStudio.TestTools.TestTypes.Unit.UnitTestAdapter, Microsoft.VisualStudio.QualityTools.Tips.UnitTest.Adapter, Version=10.0.0.0, Culture=neutral, PublicKeyToken=b03f5f7f11d50a3a" className="ZorkLike.Test.GameEngineTest, ZorkLike.Test, Version=1.0.0.0, Culture=neutral, PublicKeyToken=null" name="Run_Should_Write_A_Prompt_And_Read_Input" />
    </UnitTest>
  </TestDefinitions>
  <TestLists>
    <TestList name="Results Not in a List" id="8c84fa94-04c1-424b-9868-57a2d4851a1d" />
    <TestList name="All Loaded Results" id="19431567-8539-422a-85d7-44ee4e166bda" />
  </TestLists>
  <TestEntries>
    <TestEntry testId="1e685686-5aa7-d583-6979-83765b9a305c" executionId="5c558c9b-c54d-4235-ac9c-125dcb94c01c" testListId="8c84fa94-04c1-424b-9868-57a2d4851a1d" />
    <TestEntry testId="4e10408e-c72d-5cbb-ec0a-da1576f249bb" executionId="57a2081a-b180-4263-81fb-8bb1afe273eb" testListId="8c84fa94-04c1-424b-9868-57a2d4851a1d" />
    <TestEntry testId="54a5c638-f848-85bf-70b2-e46d737217c8" executionId="08f5b92e-0394-4f9c-84f5-b6c5148ca49a" testListId="8c84fa94-04c1-424b-9868-57a2d4851a1d" />
    <TestEntry testId="7dbdb468-44b1-3d5d-db59-65692f120c91" executionId="474c3edf-bb62-4ded-85c4-a00ea2765ddc" testListId="8c84fa94-04c1-424b-9868-57a2d4851a1d" />
    <TestEntry testId="af14c640-b6e2-f91b-cc79-895c991ad6c0" executionId="d7045414-7fa6-473f-93b7-f954cc2f7b11" testListId="8c84fa94-04c1-424b-9868-57a2d4851a1d" />
  </TestEntries>
  <Results>
    <UnitTestResult executionId="5c558c9b-c54d-4235-ac9c-125dcb94c01c" testId="1e685686-5aa7-d583-6979-83765b9a305c" testName="Run_Should_Stop_Looping_When_Exit_Is_Read" computerName="APPRENTICE" duration="00:00:00.2424968" startTime="2012-01-10T20:22:14.3179916-06:00" endTime="2012-01-10T20:22:14.8390024-06:00" testType="13cdc9d9-ddb5-4fa4-a97d-d965ccfc6d4b" outcome="Passed" testListId="8c84fa94-04c1-424b-9868-57a2d4851a1d" relativeResultsDirectory="5c558c9b-c54d-4235-ac9c-125dcb94c01c">
    </UnitTestResult>
    <UnitTestResult executionId="57a2081a-b180-4263-81fb-8bb1afe273eb" testId="4e10408e-c72d-5cbb-ec0a-da1576f249bb" testName="Look_Should_Return_Nothing_Message_Without_Description" computerName="APPRENTICE" duration="00:00:00.0469130" startTime="2012-01-10T20:22:14.8530027-06:00" endTime="2012-01-10T20:22:14.9120039-06:00" testType="13cdc9d9-ddb5-4fa4-a97d-d965ccfc6d4b" outcome="Passed" testListId="8c84fa94-04c1-424b-9868-57a2d4851a1d" relativeResultsDirectory="57a2081a-b180-4263-81fb-8bb1afe273eb">
    </UnitTestResult>
    <UnitTestResult executionId="08f5b92e-0394-4f9c-84f5-b6c5148ca49a" testId="54a5c638-f848-85bf-70b2-e46d737217c8" testName="Run_Should_Stop_Looping_Regardless_Of_Case" computerName="APPRENTICE" duration="00:00:00.0052859" startTime="2012-01-10T20:22:14.9150040-06:00" endTime="2012-01-10T20:22:14.9380044-06:00" testType="13cdc9d9-ddb5-4fa4-a97d-d965ccfc6d4b" outcome="Passed" testListId="8c84fa94-04c1-424b-9868-57a2d4851a1d" relativeResultsDirectory="08f5b92e-0394-4f9c-84f5-b6c5148ca49a">
    </UnitTestResult>
    <UnitTestResult executionId="474c3edf-bb62-4ded-85c4-a00ea2765ddc" testId="7dbdb468-44b1-3d5d-db59-65692f120c91" testName="Run_Should_Write_A_Prompt_And_Read_Input" computerName="APPRENTICE" duration="00:00:00.0026469" startTime="2012-01-10T20:22:14.9410045-06:00" endTime="2012-01-10T20:22:14.9610049-06:00" testType="13cdc9d9-ddb5-4fa4-a97d-d965ccfc6d4b" outcome="Passed" testListId="8c84fa94-04c1-424b-9868-57a2d4851a1d" relativeResultsDirectory="474c3edf-bb62-4ded-85c4-a00ea2765ddc">
    </UnitTestResult>
    <UnitTestResult executionId="d7045414-7fa6-473f-93b7-f954cc2f7b11" testId="af14c640-b6e2-f91b-cc79-895c991ad6c0" testName="Run_Should_Stop_Looping_Regardless_Of_Spaces" computerName="APPRENTICE" duration="00:00:00.0024906" startTime="2012-01-10T20:22:14.9650050-06:00" endTime="2012-01-10T20:22:14.9850054-06:00" testType="13cdc9d9-ddb5-4fa4-a97d-d965ccfc6d4b" outcome="Passed" testListId="8c84fa94-04c1-424b-9868-57a2d4851a1d" relativeResultsDirectory="d7045414-7fa6-473f-93b7-f954cc2f7b11">
    </UnitTestResult>
  </Results>
</TestRun>