<?xml version="1.0" encoding="UTF-8"?>
<TestRun id="19f4ec06-aa0b-4ea5-9d4a-d9fe64b2a1bf" name="Mark@APPRENTICE 2012-01-21 12:01:07" runUser="Apprentice\Mark" xmlns="http://microsoft.com/schemas/VisualStudio/TeamTest/2010">
  <TestSettings name="Local" id="d7d5cde9-cf26-41cd-86b0-b8e7dced1cce">
    <Description>These are default test settings for a local test run.</Description>
    <Deployment enabled="false" runDeploymentRoot="Mark_APPRENTICE 2012-01-21 12_01_07">
      <DeploymentItem filename="c:\source\ZorkLike\ZorkLike\packages\RhinoMocks.3.6\lib\Rhino.Mocks.dll" />
      <DeploymentItem filename="c:\source\ZorkLike\ZorkLike\bin\Debug\ZorkLike.exe" />
    </Deployment>
    <Execution>
      <TestTypeSpecific />
      <AgentRule name="Execution Agents">
      </AgentRule>
    </Execution>
  </TestSettings>
  <Times creation="2012-01-21T12:01:07.4502652-06:00" queuing="2012-01-21T12:01:07.6002686-06:00" start="2012-01-21T12:01:07.6312692-06:00" finish="2012-01-21T12:01:08.5722902-06:00" />
  <ResultSummary outcome="Failed">
    <Counters total="7" executed="7" passed="6" error="0" failed="1" timeout="0" aborted="0" inconclusive="0" passedButRunAborted="0" notRunnable="0" notExecuted="0" disconnected="0" warning="0" completed="0" inProgress="0" pending="0" />
  </ResultSummary>
  <TestDefinitions>
    <UnitTest name="Run_Should_Write_A_Prompt_And_Read_Input" storage="c:\source\zorklike\zorklike.test\bin\debug\zorklike.test.dll" id="7dbdb468-44b1-3d5d-db59-65692f120c91">
      <Execution id="ae7a4e58-3705-479a-9608-fac5c0b0fe08" />
      <TestMethod codeBase="c:/source/ZorkLike/ZorkLike.Test/bin/Debug/ZorkLike.Test.DLL" adapterTypeName="Microsoft.VisualStudio.TestTools.TestTypes.Unit.UnitTestAdapter, Microsoft.VisualStudio.QualityTools.Tips.UnitTest.Adapter, Version=10.0.0.0, Culture=neutral, PublicKeyToken=b03f5f7f11d50a3a" className="ZorkLike.Test.GameEngineTest, ZorkLike.Test, Version=1.0.0.0, Culture=neutral, PublicKeyToken=null" name="Run_Should_Write_A_Prompt_And_Read_Input" />
    </UnitTest>
    <UnitTest name="Run_Should_Stop_Looping_Regardless_Of_Case" storage="c:\source\zorklike\zorklike.test\bin\debug\zorklike.test.dll" id="54a5c638-f848-85bf-70b2-e46d737217c8">
      <Execution id="903dd86e-0328-463c-92a6-c53bf638ffde" />
      <TestMethod codeBase="c:/source/ZorkLike/ZorkLike.Test/bin/Debug/ZorkLike.Test.DLL" adapterTypeName="Microsoft.VisualStudio.TestTools.TestTypes.Unit.UnitTestAdapter, Microsoft.VisualStudio.QualityTools.Tips.UnitTest.Adapter, Version=10.0.0.0, Culture=neutral, PublicKeyToken=b03f5f7f11d50a3a" className="ZorkLike.Test.GameEngineTest, ZorkLike.Test, Version=1.0.0.0, Culture=neutral, PublicKeyToken=null" name="Run_Should_Stop_Looping_Regardless_Of_Case" />
    </UnitTest>
    <UnitTest name="Look_Should_Create_A_Player_If_One_Does_Not_Exist" storage="c:\source\zorklike\zorklike.test\bin\debug\zorklike.test.dll" id="65f4c980-a1fd-131b-4fda-c78df6f59e02">
      <Execution id="ea824953-58bd-4e5a-9132-825e06195179" />
      <TestMethod codeBase="c:/source/ZorkLike/ZorkLike.Test/bin/Debug/ZorkLike.Test.DLL" adapterTypeName="Microsoft.VisualStudio.TestTools.TestTypes.Unit.UnitTestAdapter, Microsoft.VisualStudio.QualityTools.Tips.UnitTest.Adapter, Version=10.0.0.0, Culture=neutral, PublicKeyToken=b03f5f7f11d50a3a" className="ZorkLike.Test.Look_Command_Test, ZorkLike.Test, Version=1.0.0.0, Culture=neutral, PublicKeyToken=null" name="Look_Should_Create_A_Player_If_One_Does_Not_Exist" />
    </UnitTest>
    <UnitTest name="Look_Should_Return_Nothing_Message_Without_Description" storage="c:\source\zorklike\zorklike.test\bin\debug\zorklike.test.dll" id="4e10408e-c72d-5cbb-ec0a-da1576f249bb">
      <Execution id="49db155f-745b-4822-9896-a64f8d5daf0b" />
      <TestMethod codeBase="c:/source/ZorkLike/ZorkLike.Test/bin/Debug/ZorkLike.Test.DLL" adapterTypeName="Microsoft.VisualStudio.TestTools.TestTypes.Unit.UnitTestAdapter, Microsoft.VisualStudio.QualityTools.Tips.UnitTest.Adapter, Version=10.0.0.0, Culture=neutral, PublicKeyToken=b03f5f7f11d50a3a" className="ZorkLike.Test.Look_Command_Test, ZorkLike.Test, Version=1.0.0.0, Culture=neutral, PublicKeyToken=null" name="Look_Should_Return_Nothing_Message_Without_Description" />
    </UnitTest>
    <UnitTest name="Run_Should_Stop_Looping_When_Exit_Is_Read" storage="c:\source\zorklike\zorklike.test\bin\debug\zorklike.test.dll" id="1e685686-5aa7-d583-6979-83765b9a305c">
      <Execution id="19fc620e-43cd-4f3a-a64f-c5bb3f14d14f" />
      <TestMethod codeBase="c:/source/ZorkLike/ZorkLike.Test/bin/Debug/ZorkLike.Test.DLL" adapterTypeName="Microsoft.VisualStudio.TestTools.TestTypes.Unit.UnitTestAdapter, Microsoft.VisualStudio.QualityTools.Tips.UnitTest.Adapter, Version=10.0.0.0, Culture=neutral, PublicKeyToken=b03f5f7f11d50a3a" className="ZorkLike.Test.GameEngineTest, ZorkLike.Test, Version=1.0.0.0, Culture=neutral, PublicKeyToken=null" name="Run_Should_Stop_Looping_When_Exit_Is_Read" />
    </UnitTest>
    <UnitTest name="Run_Should_Stop_Looping_Regardless_Of_Spaces" storage="c:\source\zorklike\zorklike.test\bin\debug\zorklike.test.dll" id="af14c640-b6e2-f91b-cc79-895c991ad6c0">
      <Execution id="6e404fc8-b78f-49d8-b2d1-58b56520891b" />
      <TestMethod codeBase="c:/source/ZorkLike/ZorkLike.Test/bin/Debug/ZorkLike.Test.DLL" adapterTypeName="Microsoft.VisualStudio.TestTools.TestTypes.Unit.UnitTestAdapter, Microsoft.VisualStudio.QualityTools.Tips.UnitTest.Adapter, Version=10.0.0.0, Culture=neutral, PublicKeyToken=b03f5f7f11d50a3a" className="ZorkLike.Test.GameEngineTest, ZorkLike.Test, Version=1.0.0.0, Culture=neutral, PublicKeyToken=null" name="Run_Should_Stop_Looping_Regardless_Of_Spaces" />
    </UnitTest>
    <UnitTest name="Create_Command_Should_Create_And_Save_A_New_GameObject" storage="c:\source\zorklike\zorklike.test\bin\debug\zorklike.test.dll" id="47f2b2f7-0db2-ee88-f544-975f49f8bf9b">
      <Execution id="7cdd26d6-8e1b-4cda-a2d9-224a966b60f9" />
      <TestMethod codeBase="c:/source/ZorkLike/ZorkLike.Test/bin/Debug/ZorkLike.Test.DLL" adapterTypeName="Microsoft.VisualStudio.TestTools.TestTypes.Unit.UnitTestAdapter, Microsoft.VisualStudio.QualityTools.Tips.UnitTest.Adapter, Version=10.0.0.0, Culture=neutral, PublicKeyToken=b03f5f7f11d50a3a" className="ZorkLike.Test.Create_Command_Test, ZorkLike.Test, Version=1.0.0.0, Culture=neutral, PublicKeyToken=null" name="Create_Command_Should_Create_And_Save_A_New_GameObject" />
    </UnitTest>
  </TestDefinitions>
  <TestLists>
    <TestList name="Results Not in a List" id="8c84fa94-04c1-424b-9868-57a2d4851a1d" />
    <TestList name="All Loaded Results" id="19431567-8539-422a-85d7-44ee4e166bda" />
  </TestLists>
  <TestEntries>
    <TestEntry testId="1e685686-5aa7-d583-6979-83765b9a305c" executionId="19fc620e-43cd-4f3a-a64f-c5bb3f14d14f" testListId="8c84fa94-04c1-424b-9868-57a2d4851a1d" />
    <TestEntry testId="47f2b2f7-0db2-ee88-f544-975f49f8bf9b" executionId="7cdd26d6-8e1b-4cda-a2d9-224a966b60f9" testListId="8c84fa94-04c1-424b-9868-57a2d4851a1d" />
    <TestEntry testId="4e10408e-c72d-5cbb-ec0a-da1576f249bb" executionId="49db155f-745b-4822-9896-a64f8d5daf0b" testListId="8c84fa94-04c1-424b-9868-57a2d4851a1d" />
    <TestEntry testId="54a5c638-f848-85bf-70b2-e46d737217c8" executionId="903dd86e-0328-463c-92a6-c53bf638ffde" testListId="8c84fa94-04c1-424b-9868-57a2d4851a1d" />
    <TestEntry testId="65f4c980-a1fd-131b-4fda-c78df6f59e02" executionId="ea824953-58bd-4e5a-9132-825e06195179" testListId="8c84fa94-04c1-424b-9868-57a2d4851a1d" />
    <TestEntry testId="7dbdb468-44b1-3d5d-db59-65692f120c91" executionId="ae7a4e58-3705-479a-9608-fac5c0b0fe08" testListId="8c84fa94-04c1-424b-9868-57a2d4851a1d" />
    <TestEntry testId="af14c640-b6e2-f91b-cc79-895c991ad6c0" executionId="6e404fc8-b78f-49d8-b2d1-58b56520891b" testListId="8c84fa94-04c1-424b-9868-57a2d4851a1d" />
  </TestEntries>
  <Results>
    <UnitTestResult executionId="19fc620e-43cd-4f3a-a64f-c5bb3f14d14f" testId="1e685686-5aa7-d583-6979-83765b9a305c" testName="Run_Should_Stop_Looping_When_Exit_Is_Read" computerName="APPRENTICE" duration="00:00:00.2322436" startTime="2012-01-21T12:01:07.6442695-06:00" endTime="2012-01-21T12:01:08.1902817-06:00" testType="13cdc9d9-ddb5-4fa4-a97d-d965ccfc6d4b" outcome="Passed" testListId="8c84fa94-04c1-424b-9868-57a2d4851a1d" relativeResultsDirectory="19fc620e-43cd-4f3a-a64f-c5bb3f14d14f">
    </UnitTestResult>
    <UnitTestResult executionId="7cdd26d6-8e1b-4cda-a2d9-224a966b60f9" testId="47f2b2f7-0db2-ee88-f544-975f49f8bf9b" testName="Create_Command_Should_Create_And_Save_A_New_GameObject" computerName="APPRENTICE" duration="00:00:00.1775068" startTime="2012-01-21T12:01:08.2062821-06:00" endTime="2012-01-21T12:01:08.3912862-06:00" testType="13cdc9d9-ddb5-4fa4-a97d-d965ccfc6d4b" outcome="Failed" testListId="8c84fa94-04c1-424b-9868-57a2d4851a1d" relativeResultsDirectory="7cdd26d6-8e1b-4cda-a2d9-224a966b60f9">
      <Output>
        <ErrorInfo>
          <Message>Test method ZorkLike.Test.Create_Command_Test.Create_Command_Should_Create_And_Save_A_New_GameObject threw exception: 
System.InvalidOperationException: Method 'IRepository.Add&lt;ZorkLike.Data.GameObject&gt;(anything);' requires a return value or an exception to throw.</Message>
          <StackTrace>    at Rhino.Mocks.Expectations.AbstractExpectation.ReturnOrThrow(IInvocation invocation, Object[] args)
   at Rhino.Mocks.Impl.ReplayDynamicMockState.DoMethodCall(IInvocation invocation, MethodInfo method, Object[] args)
   at Rhino.Mocks.Impl.ReplayMockState.MethodCall(IInvocation invocation, MethodInfo method, Object[] args)
   at Rhino.Mocks.MockRepository.MethodCall(IInvocation invocation, Object proxy, MethodInfo method, Object[] args)
   at Rhino.Mocks.Impl.RhinoInterceptor.Intercept(IInvocation invocation)
   at Castle.DynamicProxy.AbstractInvocation.Proceed()
   at IRepositoryProxya66cbda22ff448cfacc4473594dfaf71.Add[T](T obj)
   at ZorkLike.Commands.CreateCommand.Execute(String cmd) in c:\source\ZorkLike\ZorkLike\Commands\CreateCommand.cs:line 28
   at ZorkLike.Test.Create_Command_Test.Create_Command_Should_Create_And_Save_A_New_GameObject() in c:\source\ZorkLike\ZorkLike.Test\Create_Command_Test.cs:line 50
</StackTrace>
        </ErrorInfo>
      </Output>
    </UnitTestResult>
    <UnitTestResult executionId="49db155f-745b-4822-9896-a64f8d5daf0b" testId="4e10408e-c72d-5cbb-ec0a-da1576f249bb" testName="Look_Should_Return_Nothing_Message_Without_Description" computerName="APPRENTICE" duration="00:00:00.0148243" startTime="2012-01-21T12:01:08.3982863-06:00" endTime="2012-01-21T12:01:08.4392873-06:00" testType="13cdc9d9-ddb5-4fa4-a97d-d965ccfc6d4b" outcome="Passed" testListId="8c84fa94-04c1-424b-9868-57a2d4851a1d" relativeResultsDirectory="49db155f-745b-4822-9896-a64f8d5daf0b">
    </UnitTestResult>
    <UnitTestResult executionId="903dd86e-0328-463c-92a6-c53bf638ffde" testId="54a5c638-f848-85bf-70b2-e46d737217c8" testName="Run_Should_Stop_Looping_Regardless_Of_Case" computerName="APPRENTICE" duration="00:00:00.0033553" startTime="2012-01-21T12:01:08.4412873-06:00" endTime="2012-01-21T12:01:08.4522876-06:00" testType="13cdc9d9-ddb5-4fa4-a97d-d965ccfc6d4b" outcome="Passed" testListId="8c84fa94-04c1-424b-9868-57a2d4851a1d" relativeResultsDirectory="903dd86e-0328-463c-92a6-c53bf638ffde">
    </UnitTestResult>
    <UnitTestResult executionId="ea824953-58bd-4e5a-9132-825e06195179" testId="65f4c980-a1fd-131b-4fda-c78df6f59e02" testName="Look_Should_Create_A_Player_If_One_Does_Not_Exist" computerName="APPRENTICE" duration="00:00:00.0453018" startTime="2012-01-21T12:01:08.4542876-06:00" endTime="2012-01-21T12:01:08.5112889-06:00" testType="13cdc9d9-ddb5-4fa4-a97d-d965ccfc6d4b" outcome="Passed" testListId="8c84fa94-04c1-424b-9868-57a2d4851a1d" relativeResultsDirectory="ea824953-58bd-4e5a-9132-825e06195179">
    </UnitTestResult>
    <UnitTestResult executionId="ae7a4e58-3705-479a-9608-fac5c0b0fe08" testId="7dbdb468-44b1-3d5d-db59-65692f120c91" testName="Run_Should_Write_A_Prompt_And_Read_Input" computerName="APPRENTICE" duration="00:00:00.0027008" startTime="2012-01-21T12:01:08.5152890-06:00" endTime="2012-01-21T12:01:08.5272892-06:00" testType="13cdc9d9-ddb5-4fa4-a97d-d965ccfc6d4b" outcome="Passed" testListId="8c84fa94-04c1-424b-9868-57a2d4851a1d" relativeResultsDirectory="ae7a4e58-3705-479a-9608-fac5c0b0fe08">
    </UnitTestResult>
    <UnitTestResult executionId="6e404fc8-b78f-49d8-b2d1-58b56520891b" testId="af14c640-b6e2-f91b-cc79-895c991ad6c0" testName="Run_Should_Stop_Looping_Regardless_Of_Spaces" computerName="APPRENTICE" duration="00:00:00.0021207" startTime="2012-01-21T12:01:08.5292893-06:00" endTime="2012-01-21T12:01:08.5422896-06:00" testType="13cdc9d9-ddb5-4fa4-a97d-d965ccfc6d4b" outcome="Passed" testListId="8c84fa94-04c1-424b-9868-57a2d4851a1d" relativeResultsDirectory="6e404fc8-b78f-49d8-b2d1-58b56520891b">
    </UnitTestResult>
  </Results>
</TestRun>