<?xml version="1.0" encoding="UTF-8"?>
<TestRun id="154bf06d-c28e-4637-8bd4-bc02e1867127" name="Mark@APPRENTICE 2012-01-21 12:06:18" runUser="Apprentice\Mark" xmlns="http://microsoft.com/schemas/VisualStudio/TeamTest/2010">
  <TestSettings name="Local" id="d7d5cde9-cf26-41cd-86b0-b8e7dced1cce">
    <Description>These are default test settings for a local test run.</Description>
    <Deployment enabled="false" runDeploymentRoot="Mark_APPRENTICE 2012-01-21 12_06_18">
      <DeploymentItem filename="c:\source\ZorkLike\ZorkLike\packages\RhinoMocks.3.6\lib\Rhino.Mocks.dll" />
      <DeploymentItem filename="c:\source\ZorkLike\ZorkLike\bin\Debug\ZorkLike.exe" />
    </Deployment>
    <Execution>
      <TestTypeSpecific />
      <AgentRule name="Execution Agents">
      </AgentRule>
    </Execution>
  </TestSettings>
  <Times creation="2012-01-21T12:06:18.5242020-06:00" queuing="2012-01-21T12:06:18.6792055-06:00" start="2012-01-21T12:06:18.7052060-06:00" finish="2012-01-21T12:06:19.6482271-06:00" />
  <ResultSummary outcome="Failed">
    <Counters total="7" executed="7" passed="6" error="0" failed="1" timeout="0" aborted="0" inconclusive="0" passedButRunAborted="0" notRunnable="0" notExecuted="0" disconnected="0" warning="0" completed="0" inProgress="0" pending="0" />
  </ResultSummary>
  <TestDefinitions>
    <UnitTest name="Run_Should_Write_A_Prompt_And_Read_Input" storage="c:\source\zorklike\zorklike.test\bin\debug\zorklike.test.dll" id="7dbdb468-44b1-3d5d-db59-65692f120c91">
      <Execution id="e42bb5e6-f3aa-4cbd-a0c1-05ad907432cc" />
      <TestMethod codeBase="c:/source/ZorkLike/ZorkLike.Test/bin/Debug/ZorkLike.Test.DLL" adapterTypeName="Microsoft.VisualStudio.TestTools.TestTypes.Unit.UnitTestAdapter, Microsoft.VisualStudio.QualityTools.Tips.UnitTest.Adapter, Version=10.0.0.0, Culture=neutral, PublicKeyToken=b03f5f7f11d50a3a" className="ZorkLike.Test.GameEngineTest, ZorkLike.Test, Version=1.0.0.0, Culture=neutral, PublicKeyToken=null" name="Run_Should_Write_A_Prompt_And_Read_Input" />
    </UnitTest>
    <UnitTest name="Run_Should_Stop_Looping_Regardless_Of_Case" storage="c:\source\zorklike\zorklike.test\bin\debug\zorklike.test.dll" id="54a5c638-f848-85bf-70b2-e46d737217c8">
      <Execution id="31e08b63-2f1a-4c4a-9496-6a48589ad5a5" />
      <TestMethod codeBase="c:/source/ZorkLike/ZorkLike.Test/bin/Debug/ZorkLike.Test.DLL" adapterTypeName="Microsoft.VisualStudio.TestTools.TestTypes.Unit.UnitTestAdapter, Microsoft.VisualStudio.QualityTools.Tips.UnitTest.Adapter, Version=10.0.0.0, Culture=neutral, PublicKeyToken=b03f5f7f11d50a3a" className="ZorkLike.Test.GameEngineTest, ZorkLike.Test, Version=1.0.0.0, Culture=neutral, PublicKeyToken=null" name="Run_Should_Stop_Looping_Regardless_Of_Case" />
    </UnitTest>
    <UnitTest name="Look_Should_Create_A_Player_If_One_Does_Not_Exist" storage="c:\source\zorklike\zorklike.test\bin\debug\zorklike.test.dll" id="65f4c980-a1fd-131b-4fda-c78df6f59e02">
      <Execution id="9d2d6fec-0049-498f-9544-02a62836127c" />
      <TestMethod codeBase="c:/source/ZorkLike/ZorkLike.Test/bin/Debug/ZorkLike.Test.DLL" adapterTypeName="Microsoft.VisualStudio.TestTools.TestTypes.Unit.UnitTestAdapter, Microsoft.VisualStudio.QualityTools.Tips.UnitTest.Adapter, Version=10.0.0.0, Culture=neutral, PublicKeyToken=b03f5f7f11d50a3a" className="ZorkLike.Test.Look_Command_Test, ZorkLike.Test, Version=1.0.0.0, Culture=neutral, PublicKeyToken=null" name="Look_Should_Create_A_Player_If_One_Does_Not_Exist" />
    </UnitTest>
    <UnitTest name="Look_Should_Return_Nothing_Message_Without_Description" storage="c:\source\zorklike\zorklike.test\bin\debug\zorklike.test.dll" id="4e10408e-c72d-5cbb-ec0a-da1576f249bb">
      <Execution id="8eb85f09-aee9-4f55-8b76-943e62935772" />
      <TestMethod codeBase="c:/source/ZorkLike/ZorkLike.Test/bin/Debug/ZorkLike.Test.DLL" adapterTypeName="Microsoft.VisualStudio.TestTools.TestTypes.Unit.UnitTestAdapter, Microsoft.VisualStudio.QualityTools.Tips.UnitTest.Adapter, Version=10.0.0.0, Culture=neutral, PublicKeyToken=b03f5f7f11d50a3a" className="ZorkLike.Test.Look_Command_Test, ZorkLike.Test, Version=1.0.0.0, Culture=neutral, PublicKeyToken=null" name="Look_Should_Return_Nothing_Message_Without_Description" />
    </UnitTest>
    <UnitTest name="Run_Should_Stop_Looping_When_Exit_Is_Read" storage="c:\source\zorklike\zorklike.test\bin\debug\zorklike.test.dll" id="1e685686-5aa7-d583-6979-83765b9a305c">
      <Execution id="a5cd7e96-e344-43f5-ac1e-90e64afc97f2" />
      <TestMethod codeBase="c:/source/ZorkLike/ZorkLike.Test/bin/Debug/ZorkLike.Test.DLL" adapterTypeName="Microsoft.VisualStudio.TestTools.TestTypes.Unit.UnitTestAdapter, Microsoft.VisualStudio.QualityTools.Tips.UnitTest.Adapter, Version=10.0.0.0, Culture=neutral, PublicKeyToken=b03f5f7f11d50a3a" className="ZorkLike.Test.GameEngineTest, ZorkLike.Test, Version=1.0.0.0, Culture=neutral, PublicKeyToken=null" name="Run_Should_Stop_Looping_When_Exit_Is_Read" />
    </UnitTest>
    <UnitTest name="Run_Should_Stop_Looping_Regardless_Of_Spaces" storage="c:\source\zorklike\zorklike.test\bin\debug\zorklike.test.dll" id="af14c640-b6e2-f91b-cc79-895c991ad6c0">
      <Execution id="41b4a8a2-ce9f-48e1-ba44-36dda6a0ccb9" />
      <TestMethod codeBase="c:/source/ZorkLike/ZorkLike.Test/bin/Debug/ZorkLike.Test.DLL" adapterTypeName="Microsoft.VisualStudio.TestTools.TestTypes.Unit.UnitTestAdapter, Microsoft.VisualStudio.QualityTools.Tips.UnitTest.Adapter, Version=10.0.0.0, Culture=neutral, PublicKeyToken=b03f5f7f11d50a3a" className="ZorkLike.Test.GameEngineTest, ZorkLike.Test, Version=1.0.0.0, Culture=neutral, PublicKeyToken=null" name="Run_Should_Stop_Looping_Regardless_Of_Spaces" />
    </UnitTest>
    <UnitTest name="Create_Command_Should_Create_And_Save_A_New_GameObject" storage="c:\source\zorklike\zorklike.test\bin\debug\zorklike.test.dll" id="47f2b2f7-0db2-ee88-f544-975f49f8bf9b">
      <Execution id="fd532268-8b77-45d8-a13c-5aabde758244" />
      <TestMethod codeBase="c:/source/ZorkLike/ZorkLike.Test/bin/Debug/ZorkLike.Test.DLL" adapterTypeName="Microsoft.VisualStudio.TestTools.TestTypes.Unit.UnitTestAdapter, Microsoft.VisualStudio.QualityTools.Tips.UnitTest.Adapter, Version=10.0.0.0, Culture=neutral, PublicKeyToken=b03f5f7f11d50a3a" className="ZorkLike.Test.Create_Command_Test, ZorkLike.Test, Version=1.0.0.0, Culture=neutral, PublicKeyToken=null" name="Create_Command_Should_Create_And_Save_A_New_GameObject" />
    </UnitTest>
  </TestDefinitions>
  <TestLists>
    <TestList name="Results Not in a List" id="8c84fa94-04c1-424b-9868-57a2d4851a1d" />
    <TestList name="All Loaded Results" id="19431567-8539-422a-85d7-44ee4e166bda" />
  </TestLists>
  <TestEntries>
    <TestEntry testId="1e685686-5aa7-d583-6979-83765b9a305c" executionId="a5cd7e96-e344-43f5-ac1e-90e64afc97f2" testListId="8c84fa94-04c1-424b-9868-57a2d4851a1d" />
    <TestEntry testId="47f2b2f7-0db2-ee88-f544-975f49f8bf9b" executionId="fd532268-8b77-45d8-a13c-5aabde758244" testListId="8c84fa94-04c1-424b-9868-57a2d4851a1d" />
    <TestEntry testId="4e10408e-c72d-5cbb-ec0a-da1576f249bb" executionId="8eb85f09-aee9-4f55-8b76-943e62935772" testListId="8c84fa94-04c1-424b-9868-57a2d4851a1d" />
    <TestEntry testId="54a5c638-f848-85bf-70b2-e46d737217c8" executionId="31e08b63-2f1a-4c4a-9496-6a48589ad5a5" testListId="8c84fa94-04c1-424b-9868-57a2d4851a1d" />
    <TestEntry testId="65f4c980-a1fd-131b-4fda-c78df6f59e02" executionId="9d2d6fec-0049-498f-9544-02a62836127c" testListId="8c84fa94-04c1-424b-9868-57a2d4851a1d" />
    <TestEntry testId="7dbdb468-44b1-3d5d-db59-65692f120c91" executionId="e42bb5e6-f3aa-4cbd-a0c1-05ad907432cc" testListId="8c84fa94-04c1-424b-9868-57a2d4851a1d" />
    <TestEntry testId="af14c640-b6e2-f91b-cc79-895c991ad6c0" executionId="41b4a8a2-ce9f-48e1-ba44-36dda6a0ccb9" testListId="8c84fa94-04c1-424b-9868-57a2d4851a1d" />
  </TestEntries>
  <Results>
    <UnitTestResult executionId="a5cd7e96-e344-43f5-ac1e-90e64afc97f2" testId="1e685686-5aa7-d583-6979-83765b9a305c" testName="Run_Should_Stop_Looping_When_Exit_Is_Read" computerName="APPRENTICE" duration="00:00:00.2239687" startTime="2012-01-21T12:06:18.7132062-06:00" endTime="2012-01-21T12:06:19.2202175-06:00" testType="13cdc9d9-ddb5-4fa4-a97d-d965ccfc6d4b" outcome="Passed" testListId="8c84fa94-04c1-424b-9868-57a2d4851a1d" relativeResultsDirectory="a5cd7e96-e344-43f5-ac1e-90e64afc97f2">
    </UnitTestResult>
    <UnitTestResult executionId="fd532268-8b77-45d8-a13c-5aabde758244" testId="47f2b2f7-0db2-ee88-f544-975f49f8bf9b" testName="Create_Command_Should_Create_And_Save_A_New_GameObject" computerName="APPRENTICE" duration="00:00:00.2564955" startTime="2012-01-21T12:06:19.2342178-06:00" endTime="2012-01-21T12:06:19.4962237-06:00" testType="13cdc9d9-ddb5-4fa4-a97d-d965ccfc6d4b" outcome="Failed" testListId="8c84fa94-04c1-424b-9868-57a2d4851a1d" relativeResultsDirectory="fd532268-8b77-45d8-a13c-5aabde758244">
      <Output>
        <ErrorInfo>
          <Message>Assert.AreEqual failed. Expected:&lt;shrubbery&gt;. Actual:&lt;(null)&gt;. </Message>
          <StackTrace>   at ZorkLike.Test.Create_Command_Test.Create_Command_Should_Create_And_Save_A_New_GameObject() in c:\source\ZorkLike\ZorkLike.Test\Create_Command_Test.cs:line 56
</StackTrace>
        </ErrorInfo>
      </Output>
    </UnitTestResult>
    <UnitTestResult executionId="8eb85f09-aee9-4f55-8b76-943e62935772" testId="4e10408e-c72d-5cbb-ec0a-da1576f249bb" testName="Look_Should_Return_Nothing_Message_Without_Description" computerName="APPRENTICE" duration="00:00:00.0144309" startTime="2012-01-21T12:06:19.5082239-06:00" endTime="2012-01-21T12:06:19.5362246-06:00" testType="13cdc9d9-ddb5-4fa4-a97d-d965ccfc6d4b" outcome="Passed" testListId="8c84fa94-04c1-424b-9868-57a2d4851a1d" relativeResultsDirectory="8eb85f09-aee9-4f55-8b76-943e62935772">
    </UnitTestResult>
    <UnitTestResult executionId="31e08b63-2f1a-4c4a-9496-6a48589ad5a5" testId="54a5c638-f848-85bf-70b2-e46d737217c8" testName="Run_Should_Stop_Looping_Regardless_Of_Case" computerName="APPRENTICE" duration="00:00:00.0036742" startTime="2012-01-21T12:06:19.5432247-06:00" endTime="2012-01-21T12:06:19.5512249-06:00" testType="13cdc9d9-ddb5-4fa4-a97d-d965ccfc6d4b" outcome="Passed" testListId="8c84fa94-04c1-424b-9868-57a2d4851a1d" relativeResultsDirectory="31e08b63-2f1a-4c4a-9496-6a48589ad5a5">
    </UnitTestResult>
    <UnitTestResult executionId="9d2d6fec-0049-498f-9544-02a62836127c" testId="65f4c980-a1fd-131b-4fda-c78df6f59e02" testName="Look_Should_Create_A_Player_If_One_Does_Not_Exist" computerName="APPRENTICE" duration="00:00:00.0321270" startTime="2012-01-21T12:06:19.5562250-06:00" endTime="2012-01-21T12:06:19.5922258-06:00" testType="13cdc9d9-ddb5-4fa4-a97d-d965ccfc6d4b" outcome="Passed" testListId="8c84fa94-04c1-424b-9868-57a2d4851a1d" relativeResultsDirectory="9d2d6fec-0049-498f-9544-02a62836127c">
    </UnitTestResult>
    <UnitTestResult executionId="e42bb5e6-f3aa-4cbd-a0c1-05ad907432cc" testId="7dbdb468-44b1-3d5d-db59-65692f120c91" testName="Run_Should_Write_A_Prompt_And_Read_Input" computerName="APPRENTICE" duration="00:00:00.0052732" startTime="2012-01-21T12:06:19.5962259-06:00" endTime="2012-01-21T12:06:19.6072262-06:00" testType="13cdc9d9-ddb5-4fa4-a97d-d965ccfc6d4b" outcome="Passed" testListId="8c84fa94-04c1-424b-9868-57a2d4851a1d" relativeResultsDirectory="e42bb5e6-f3aa-4cbd-a0c1-05ad907432cc">
    </UnitTestResult>
    <UnitTestResult executionId="41b4a8a2-ce9f-48e1-ba44-36dda6a0ccb9" testId="af14c640-b6e2-f91b-cc79-895c991ad6c0" testName="Run_Should_Stop_Looping_Regardless_Of_Spaces" computerName="APPRENTICE" duration="00:00:00.0020414" startTime="2012-01-21T12:06:19.6122263-06:00" endTime="2012-01-21T12:06:19.6192264-06:00" testType="13cdc9d9-ddb5-4fa4-a97d-d965ccfc6d4b" outcome="Passed" testListId="8c84fa94-04c1-424b-9868-57a2d4851a1d" relativeResultsDirectory="41b4a8a2-ce9f-48e1-ba44-36dda6a0ccb9">
    </UnitTestResult>
  </Results>
</TestRun>