<?xml version="1.0" encoding="UTF-8"?>
<TestRun id="a408fc5b-d999-448b-b696-4e0f6ceb6b41" name="Mark@APPRENTICE 2012-01-07 11:07:27" runUser="Apprentice\Mark" xmlns="http://microsoft.com/schemas/VisualStudio/TeamTest/2010">
  <TestSettings name="Local" id="d7d5cde9-cf26-41cd-86b0-b8e7dced1cce">
    <Description>These are default test settings for a local test run.</Description>
    <Deployment enabled="false" runDeploymentRoot="Mark_APPRENTICE 2012-01-07 11_07_27">
      <DeploymentItem filename="c:\source\ZorkLike\ZorkLike\packages\RhinoMocks.3.6\lib\Rhino.Mocks.dll" />
      <DeploymentItem filename="c:\source\ZorkLike\ZorkLike\bin\Debug\ZorkLike.exe" />
    </Deployment>
    <Execution>
      <TestTypeSpecific />
      <AgentRule name="Execution Agents">
      </AgentRule>
    </Execution>
  </TestSettings>
  <Times creation="2012-01-07T11:07:27.0034337-06:00" queuing="2012-01-07T11:07:27.0244342-06:00" start="2012-01-07T11:07:27.0464346-06:00" finish="2012-01-07T11:07:27.6514472-06:00" />
  <ResultSummary outcome="Failed">
    <Counters total="2" executed="2" passed="1" error="0" failed="1" timeout="0" aborted="0" inconclusive="0" passedButRunAborted="0" notRunnable="0" notExecuted="0" disconnected="0" warning="0" completed="0" inProgress="0" pending="0" />
  </ResultSummary>
  <TestDefinitions>
    <UnitTest name="Run_Should_Write_A_Prompt_And_Read_Input" storage="c:\source\zorklike\zorklike.test\bin\debug\zorklike.test.dll" id="7dbdb468-44b1-3d5d-db59-65692f120c91">
      <Execution id="ecb55988-5ce5-4d14-a40a-ffb32d6727e6" />
      <TestMethod codeBase="c:/source/ZorkLike/ZorkLike.Test/bin/Debug/ZorkLike.Test.DLL" adapterTypeName="Microsoft.VisualStudio.TestTools.TestTypes.Unit.UnitTestAdapter, Microsoft.VisualStudio.QualityTools.Tips.UnitTest.Adapter, Version=10.0.0.0, Culture=neutral, PublicKeyToken=b03f5f7f11d50a3a" className="ZorkLike.Test.GameEngineTest, ZorkLike.Test, Version=1.0.0.0, Culture=neutral, PublicKeyToken=null" name="Run_Should_Write_A_Prompt_And_Read_Input" />
    </UnitTest>
    <UnitTest name="Run_Should_Stop_Looping_When_Exit_Is_Read" storage="c:\source\zorklike\zorklike.test\bin\debug\zorklike.test.dll" id="1e685686-5aa7-d583-6979-83765b9a305c">
      <Execution id="635b77ad-0d97-419d-a56d-8c79369fdeca" />
      <TestMethod codeBase="c:/source/ZorkLike/ZorkLike.Test/bin/Debug/ZorkLike.Test.DLL" adapterTypeName="Microsoft.VisualStudio.TestTools.TestTypes.Unit.UnitTestAdapter, Microsoft.VisualStudio.QualityTools.Tips.UnitTest.Adapter, Version=10.0.0.0, Culture=neutral, PublicKeyToken=b03f5f7f11d50a3a" className="ZorkLike.Test.GameEngineTest, ZorkLike.Test, Version=1.0.0.0, Culture=neutral, PublicKeyToken=null" name="Run_Should_Stop_Looping_When_Exit_Is_Read" />
    </UnitTest>
  </TestDefinitions>
  <TestLists>
    <TestList name="Results Not in a List" id="8c84fa94-04c1-424b-9868-57a2d4851a1d" />
    <TestList name="All Loaded Results" id="19431567-8539-422a-85d7-44ee4e166bda" />
  </TestLists>
  <TestEntries>
    <TestEntry testId="1e685686-5aa7-d583-6979-83765b9a305c" executionId="635b77ad-0d97-419d-a56d-8c79369fdeca" testListId="8c84fa94-04c1-424b-9868-57a2d4851a1d" />
    <TestEntry testId="7dbdb468-44b1-3d5d-db59-65692f120c91" executionId="ecb55988-5ce5-4d14-a40a-ffb32d6727e6" testListId="8c84fa94-04c1-424b-9868-57a2d4851a1d" />
  </TestEntries>
  <Results>
    <UnitTestResult executionId="635b77ad-0d97-419d-a56d-8c79369fdeca" testId="1e685686-5aa7-d583-6979-83765b9a305c" testName="Run_Should_Stop_Looping_When_Exit_Is_Read" computerName="APPRENTICE" duration="00:00:00.2535253" startTime="2012-01-07T11:07:27.0594349-06:00" endTime="2012-01-07T11:07:27.5854458-06:00" testType="13cdc9d9-ddb5-4fa4-a97d-d965ccfc6d4b" outcome="Failed" testListId="8c84fa94-04c1-424b-9868-57a2d4851a1d" relativeResultsDirectory="635b77ad-0d97-419d-a56d-8c79369fdeca">
      <Output>
        <ErrorInfo>
          <Message>Test method ZorkLike.Test.GameEngineTest.Run_Should_Stop_Looping_When_Exit_Is_Read threw exception: 
System.NullReferenceException: Object reference not set to an instance of an object.</Message>
          <StackTrace>    at ZorkLike.GameEngine.Run() in c:\source\ZorkLike\ZorkLike\GameEngine.cs:line 21
   at ZorkLike.Test.GameEngineTest.Run_Should_Stop_Looping_When_Exit_Is_Read() in c:\source\ZorkLike\ZorkLike.Test\GameEngineTest.cs:line 38
</StackTrace>
        </ErrorInfo>
      </Output>
    </UnitTestResult>
    <UnitTestResult executionId="ecb55988-5ce5-4d14-a40a-ffb32d6727e6" testId="7dbdb468-44b1-3d5d-db59-65692f120c91" testName="Run_Should_Write_A_Prompt_And_Read_Input" computerName="APPRENTICE" duration="00:00:00.0126849" startTime="2012-01-07T11:07:27.5964460-06:00" endTime="2012-01-07T11:07:27.6254466-06:00" testType="13cdc9d9-ddb5-4fa4-a97d-d965ccfc6d4b" outcome="Passed" testListId="8c84fa94-04c1-424b-9868-57a2d4851a1d" relativeResultsDirectory="ecb55988-5ce5-4d14-a40a-ffb32d6727e6">
    </UnitTestResult>
  </Results>
</TestRun>