<?xml version="1.0" encoding="UTF-8"?>
<TestRun id="e65e1da5-6f19-4c09-acab-6b4047853a3f" name="Mark@APPRENTICE 2012-01-07 11:22:34" runUser="Apprentice\Mark" xmlns="http://microsoft.com/schemas/VisualStudio/TeamTest/2010">
  <TestSettings name="Local" id="d7d5cde9-cf26-41cd-86b0-b8e7dced1cce">
    <Description>These are default test settings for a local test run.</Description>
    <Deployment enabled="false" runDeploymentRoot="Mark_APPRENTICE 2012-01-07 11_22_34">
      <DeploymentItem filename="c:\source\ZorkLike\ZorkLike\packages\RhinoMocks.3.6\lib\Rhino.Mocks.dll" />
      <DeploymentItem filename="c:\source\ZorkLike\ZorkLike\bin\Debug\ZorkLike.exe" />
    </Deployment>
    <Execution>
      <TestTypeSpecific />
      <AgentRule name="Execution Agents">
      </AgentRule>
    </Execution>
  </TestSettings>
  <Times creation="2012-01-07T11:22:34.3812161-06:00" queuing="2012-01-07T11:22:34.4092167-06:00" start="2012-01-07T11:22:34.4482175-06:00" finish="2012-01-07T11:22:35.5102394-06:00" />
  <ResultSummary outcome="Failed">
    <Counters total="4" executed="4" passed="3" error="0" failed="1" timeout="0" aborted="0" inconclusive="0" passedButRunAborted="0" notRunnable="0" notExecuted="0" disconnected="0" warning="0" completed="0" inProgress="0" pending="0" />
  </ResultSummary>
  <TestDefinitions>
    <UnitTest name="Run_Should_Stop_Looping_When_Exit_Is_Read" storage="c:\source\zorklike\zorklike.test\bin\debug\zorklike.test.dll" id="1e685686-5aa7-d583-6979-83765b9a305c">
      <Execution id="64ed8c7e-9455-49ba-8365-606ad67d08b5" />
      <TestMethod codeBase="c:/source/ZorkLike/ZorkLike.Test/bin/Debug/ZorkLike.Test.DLL" adapterTypeName="Microsoft.VisualStudio.TestTools.TestTypes.Unit.UnitTestAdapter, Microsoft.VisualStudio.QualityTools.Tips.UnitTest.Adapter, Version=10.0.0.0, Culture=neutral, PublicKeyToken=b03f5f7f11d50a3a" className="ZorkLike.Test.GameEngineTest, ZorkLike.Test, Version=1.0.0.0, Culture=neutral, PublicKeyToken=null" name="Run_Should_Stop_Looping_When_Exit_Is_Read" />
    </UnitTest>
    <UnitTest name="Run_Should_Stop_Looping_Regardless_Of_Spaces" storage="c:\source\zorklike\zorklike.test\bin\debug\zorklike.test.dll" id="af14c640-b6e2-f91b-cc79-895c991ad6c0">
      <Execution id="ba4bc366-424f-4d91-b8eb-dda914072c68" />
      <TestMethod codeBase="c:/source/ZorkLike/ZorkLike.Test/bin/Debug/ZorkLike.Test.DLL" adapterTypeName="Microsoft.VisualStudio.TestTools.TestTypes.Unit.UnitTestAdapter, Microsoft.VisualStudio.QualityTools.Tips.UnitTest.Adapter, Version=10.0.0.0, Culture=neutral, PublicKeyToken=b03f5f7f11d50a3a" className="ZorkLike.Test.GameEngineTest, ZorkLike.Test, Version=1.0.0.0, Culture=neutral, PublicKeyToken=null" name="Run_Should_Stop_Looping_Regardless_Of_Spaces" />
    </UnitTest>
    <UnitTest name="Run_Should_Stop_Looping_Regardless_Of_Case" storage="c:\source\zorklike\zorklike.test\bin\debug\zorklike.test.dll" id="54a5c638-f848-85bf-70b2-e46d737217c8">
      <Execution id="5093f15f-af45-4605-88ef-20bba2486b2f" />
      <TestMethod codeBase="c:/source/ZorkLike/ZorkLike.Test/bin/Debug/ZorkLike.Test.DLL" adapterTypeName="Microsoft.VisualStudio.TestTools.TestTypes.Unit.UnitTestAdapter, Microsoft.VisualStudio.QualityTools.Tips.UnitTest.Adapter, Version=10.0.0.0, Culture=neutral, PublicKeyToken=b03f5f7f11d50a3a" className="ZorkLike.Test.GameEngineTest, ZorkLike.Test, Version=1.0.0.0, Culture=neutral, PublicKeyToken=null" name="Run_Should_Stop_Looping_Regardless_Of_Case" />
    </UnitTest>
    <UnitTest name="Run_Should_Write_A_Prompt_And_Read_Input" storage="c:\source\zorklike\zorklike.test\bin\debug\zorklike.test.dll" id="7dbdb468-44b1-3d5d-db59-65692f120c91">
      <Execution id="79906a9f-f37a-408f-abc3-d3fa58dd9573" />
      <TestMethod codeBase="c:/source/ZorkLike/ZorkLike.Test/bin/Debug/ZorkLike.Test.DLL" adapterTypeName="Microsoft.VisualStudio.TestTools.TestTypes.Unit.UnitTestAdapter, Microsoft.VisualStudio.QualityTools.Tips.UnitTest.Adapter, Version=10.0.0.0, Culture=neutral, PublicKeyToken=b03f5f7f11d50a3a" className="ZorkLike.Test.GameEngineTest, ZorkLike.Test, Version=1.0.0.0, Culture=neutral, PublicKeyToken=null" name="Run_Should_Write_A_Prompt_And_Read_Input" />
    </UnitTest>
  </TestDefinitions>
  <TestLists>
    <TestList name="Results Not in a List" id="8c84fa94-04c1-424b-9868-57a2d4851a1d" />
    <TestList name="All Loaded Results" id="19431567-8539-422a-85d7-44ee4e166bda" />
  </TestLists>
  <TestEntries>
    <TestEntry testId="1e685686-5aa7-d583-6979-83765b9a305c" executionId="64ed8c7e-9455-49ba-8365-606ad67d08b5" testListId="8c84fa94-04c1-424b-9868-57a2d4851a1d" />
    <TestEntry testId="54a5c638-f848-85bf-70b2-e46d737217c8" executionId="5093f15f-af45-4605-88ef-20bba2486b2f" testListId="8c84fa94-04c1-424b-9868-57a2d4851a1d" />
    <TestEntry testId="7dbdb468-44b1-3d5d-db59-65692f120c91" executionId="79906a9f-f37a-408f-abc3-d3fa58dd9573" testListId="8c84fa94-04c1-424b-9868-57a2d4851a1d" />
    <TestEntry testId="af14c640-b6e2-f91b-cc79-895c991ad6c0" executionId="ba4bc366-424f-4d91-b8eb-dda914072c68" testListId="8c84fa94-04c1-424b-9868-57a2d4851a1d" />
  </TestEntries>
  <Results>
    <UnitTestResult executionId="64ed8c7e-9455-49ba-8365-606ad67d08b5" testId="1e685686-5aa7-d583-6979-83765b9a305c" testName="Run_Should_Stop_Looping_When_Exit_Is_Read" computerName="APPRENTICE" duration="00:00:00.2350013" startTime="2012-01-07T11:22:34.4502175-06:00" endTime="2012-01-07T11:22:34.9642281-06:00" testType="13cdc9d9-ddb5-4fa4-a97d-d965ccfc6d4b" outcome="Passed" testListId="8c84fa94-04c1-424b-9868-57a2d4851a1d" relativeResultsDirectory="64ed8c7e-9455-49ba-8365-606ad67d08b5">
    </UnitTestResult>
    <UnitTestResult executionId="5093f15f-af45-4605-88ef-20bba2486b2f" testId="54a5c638-f848-85bf-70b2-e46d737217c8" testName="Run_Should_Stop_Looping_Regardless_Of_Case" computerName="APPRENTICE" duration="00:00:00.0072837" startTime="2012-01-07T11:22:34.9692283-06:00" endTime="2012-01-07T11:22:34.9902287-06:00" testType="13cdc9d9-ddb5-4fa4-a97d-d965ccfc6d4b" outcome="Passed" testListId="8c84fa94-04c1-424b-9868-57a2d4851a1d" relativeResultsDirectory="5093f15f-af45-4605-88ef-20bba2486b2f">
    </UnitTestResult>
    <UnitTestResult executionId="79906a9f-f37a-408f-abc3-d3fa58dd9573" testId="7dbdb468-44b1-3d5d-db59-65692f120c91" testName="Run_Should_Write_A_Prompt_And_Read_Input" computerName="APPRENTICE" duration="00:00:00.0311873" startTime="2012-01-07T11:22:34.9962288-06:00" endTime="2012-01-07T11:22:35.0372297-06:00" testType="13cdc9d9-ddb5-4fa4-a97d-d965ccfc6d4b" outcome="Failed" testListId="8c84fa94-04c1-424b-9868-57a2d4851a1d" relativeResultsDirectory="79906a9f-f37a-408f-abc3-d3fa58dd9573">
      <Output>
        <ErrorInfo>
          <Message>Test method ZorkLike.Test.GameEngineTest.Run_Should_Write_A_Prompt_And_Read_Input threw exception: 
Rhino.Mocks.Exceptions.ExpectationViolationException: IConsoleFacade.Write("&gt;"); Expected #1, Actual #0.</Message>
          <StackTrace>    at Rhino.Mocks.RhinoMocksExtensions.AssertWasCalled[T](T mock, Action`1 action, Action`1 setupConstraints)
   at Rhino.Mocks.RhinoMocksExtensions.AssertWasCalled[T](T mock, Action`1 action)
   at ZorkLike.Test.GameEngineTest.Run_Should_Write_A_Prompt_And_Read_Input() in c:\source\ZorkLike\ZorkLike.Test\GameEngineTest.cs:line 25
</StackTrace>
        </ErrorInfo>
      </Output>
    </UnitTestResult>
    <UnitTestResult executionId="ba4bc366-424f-4d91-b8eb-dda914072c68" testId="af14c640-b6e2-f91b-cc79-895c991ad6c0" testName="Run_Should_Stop_Looping_Regardless_Of_Spaces" computerName="APPRENTICE" duration="00:00:00.0021521" startTime="2012-01-07T11:22:35.0402297-06:00" endTime="2012-01-07T11:22:35.0522300-06:00" testType="13cdc9d9-ddb5-4fa4-a97d-d965ccfc6d4b" outcome="Passed" testListId="8c84fa94-04c1-424b-9868-57a2d4851a1d" relativeResultsDirectory="ba4bc366-424f-4d91-b8eb-dda914072c68">
    </UnitTestResult>
  </Results>
</TestRun>